\BOOKMARK [0][-]{chapter*.2}{\376\377\000I\000n\000t\000r\000o\000d\000u\000c\000t\000i\000o\000n}{}% 1
\BOOKMARK [0][-]{chapter.1}{\376\377\0002\0000\0000\0007}{}% 2
\BOOKMARK [0][-]{chapter.2}{\376\377\0002\0000\0000\0008}{}% 3
\BOOKMARK [0][-]{chapter.3}{\376\377\0002\0000\0000\0009}{}% 4
\BOOKMARK [1][-]{section*.3}{\376\377\000P\000H}{chapter.3}% 5
\BOOKMARK [0][-]{chapter.4}{\376\377\0002\0000\0001\0000}{}% 6
\BOOKMARK [0][-]{chapter.5}{\376\377\0002\0000\0001\0001}{}% 7
\BOOKMARK [1][-]{section*.4}{\376\377\000M\000E}{chapter.5}% 8
\BOOKMARK [1][-]{Item.65}{\376\377\000S\000t\000a\000t\000e\000m\000e\000n\000t\000\040\000f\000o\000r\000\040\000L\000i\000n\000k\000e\000d\000\040\000A\000n\000s\000w\000e\000r\000\040\000Q\000u\000e\000s\000t\000i\000o\000n\000s\000\040\0005\0004\000\040\000a\000n\000d\000\040\0005\0005\000:}{chapter.5}% 9
\BOOKMARK [1][-]{Item.100}{\376\377\000Q\000.\0006\0001\000\040\000t\000o\000\040\000Q\000.\0006\0005\000\040\000c\000a\000r\000r\000y\000\040\000t\000w\000o\000\040\000m\000a\000r\000k\000s\000\040\000e\000a\000c\000h\000.}{chapter.5}% 10
\BOOKMARK [1][-]{Item.125}{\376\377\000M\000A}{chapter.5}% 11
\BOOKMARK [0][-]{chapter.6}{\376\377\0002\0000\0001\0002}{}% 12
\BOOKMARK [1][-]{section*.5}{\376\377\000P\000H}{chapter.6}% 13
\BOOKMARK [0][-]{chapter.7}{\376\377\0002\0000\0001\0003}{}% 14
\BOOKMARK [0][-]{chapter.8}{\376\377\0002\0000\0001\0004}{}% 15
\BOOKMARK [1][-]{section*.6}{\376\377\000C\000E}{chapter.8}% 16
\BOOKMARK [0][-]{chapter.9}{\376\377\0002\0000\0001\0005}{}% 17
\BOOKMARK [0][-]{chapter.10}{\376\377\0002\0000\0001\0006}{}% 18
\BOOKMARK [1][-]{section*.7}{\376\377\000M\000A}{chapter.10}% 19
\BOOKMARK [0][-]{chapter.11}{\376\377\0002\0000\0001\0007}{}% 20
\BOOKMARK [1][-]{section*.8}{\376\377\000X\000E}{chapter.11}% 21
\BOOKMARK [1][-]{Item.366}{\376\377\000E\000E}{chapter.11}% 22
\BOOKMARK [0][-]{chapter.12}{\376\377\0002\0000\0001\0008}{}% 23
\BOOKMARK [0][-]{chapter.13}{\376\377\0002\0000\0001\0009}{}% 24
\BOOKMARK [0][-]{chapter.14}{\376\377\0002\0000\0002\0000}{}% 25
\BOOKMARK [1][-]{section*.9}{\376\377\000P\000H}{chapter.14}% 26
\BOOKMARK [1][-]{Item.444}{\376\377\000A\000E}{chapter.14}% 27
\BOOKMARK [0][-]{chapter.15}{\376\377\0002\0000\0002\0001}{}% 28
\BOOKMARK [1][-]{section*.10}{\376\377\000S\000T}{chapter.15}% 29
\BOOKMARK [1][-]{Item.510}{\376\377\000Q\000.\0006\000-\000Q\000.\0001\0000\000\040\000M\000u\000l\000t\000i\000p\000l\000e\000\040\000C\000h\000o\000i\000c\000e\000\040\000Q\000u\000e\000s\000t\000i\000o\000n\000s\000\040\000\050\000M\000C\000Q\000\051\000,\000\040\000c\000a\000r\000r\000y\000\040\000t\000w\000o\000\040\000m\000a\000r\000k\000s\000\040\000e\000a\000c\000h\000\040\000\050\000f\000o\000r\000\040\000e\000a\000c\000h\000\040\000w\000r\000o\000n\000g\000\040\000a\000n\000s\000w\000e\000r\000:\000\040\000-\0002\0003\000\051}{chapter.15}% 30
\BOOKMARK [0][-]{chapter.16}{\376\377\0002\0000\0002\0002}{}% 31
\BOOKMARK [0][-]{chapter.17}{\376\377\0002\0000\0002\0003}{}% 32
\BOOKMARK [1][-]{section*.11}{\376\377\000M\000E}{chapter.17}% 33
\BOOKMARK [0][-]{chapter.18}{\376\377\0002\0000\0002\0004}{}% 34
